0 info it worked if it ends with ok
1 verbose cli [ '/home/jeffrey/.nvm/versions/node/v6.9.1/bin/node',
1 verbose cli   '/home/jeffrey/.nvm/versions/node/v6.9.1/bin/npm',
1 verbose cli   'run',
1 verbose cli   'build' ]
2 info using npm@4.1.1
3 info using node@v6.9.1
4 verbose run-script [ 'prebuild', 'build', 'postbuild' ]
5 info lifecycle lergo-ri@0.0.0~prebuild: lergo-ri@0.0.0
6 verbose lifecycle lergo-ri@0.0.0~prebuild: unsafe-perm in lifecycle true
7 verbose lifecycle lergo-ri@0.0.0~prebuild: PATH: /home/jeffrey/.nvm/versions/node/v6.9.1/lib/node_modules/npm/bin/node-gyp-bin:/home/jeffrey/dev_ops/github_jlevym/lergo/lergo-ri/node_modules/.bin:/home/jeffrey/.nvm/versions/node/v6.9.1/bin:/home/jeffrey/.local/share/umake/bin:/home/jeffrey/.local/share/umake/bin:/usr/local/sbin:/usr/local/bin:/usr/sbin:/usr/bin:/sbin:/bin:/usr/games:/usr/local/games:/snap/bin:/usr/lib/jvm/java-8-oracle/bin:/usr/lib/jvm/java-8-oracle/db/bin:/usr/lib/jvm/java-8-oracle/jre/bin:/usr/lib/jvm/java-8-oracle/bin:/usr/lib/jvm/java-8-oracle/db/bin:/usr/lib/jvm/java-8-oracle/jre/bin
8 verbose lifecycle lergo-ri@0.0.0~prebuild: CWD: /home/jeffrey/dev_ops/github_jlevym/lergo/lergo-ri
9 silly lifecycle lergo-ri@0.0.0~prebuild: Args: [ '-c', 'npm run cleanup' ]
10 silly lifecycle lergo-ri@0.0.0~prebuild: Returned: code: 0  signal: null
11 info lifecycle lergo-ri@0.0.0~build: lergo-ri@0.0.0
12 verbose lifecycle lergo-ri@0.0.0~build: unsafe-perm in lifecycle true
13 verbose lifecycle lergo-ri@0.0.0~build: PATH: /home/jeffrey/.nvm/versions/node/v6.9.1/lib/node_modules/npm/bin/node-gyp-bin:/home/jeffrey/dev_ops/github_jlevym/lergo/lergo-ri/node_modules/.bin:/home/jeffrey/.nvm/versions/node/v6.9.1/bin:/home/jeffrey/.local/share/umake/bin:/home/jeffrey/.local/share/umake/bin:/usr/local/sbin:/usr/local/bin:/usr/sbin:/usr/bin:/sbin:/bin:/usr/games:/usr/local/games:/snap/bin:/usr/lib/jvm/java-8-oracle/bin:/usr/lib/jvm/java-8-oracle/db/bin:/usr/lib/jvm/java-8-oracle/jre/bin:/usr/lib/jvm/java-8-oracle/bin:/usr/lib/jvm/java-8-oracle/db/bin:/usr/lib/jvm/java-8-oracle/jre/bin
14 verbose lifecycle lergo-ri@0.0.0~build: CWD: /home/jeffrey/dev_ops/github_jlevym/lergo/lergo-ri
15 silly lifecycle lergo-ri@0.0.0~build: Args: [ '-c', 'jet steps --ci-build-id=001 build-lergo' ]
16 silly lifecycle lergo-ri@0.0.0~build: Returned: code: 1  signal: null
17 info lifecycle lergo-ri@0.0.0~build: Failed to exec build script
18 verbose stack Error: lergo-ri@0.0.0 build: `jet steps --ci-build-id=001 build-lergo`
18 verbose stack Exit status 1
18 verbose stack     at EventEmitter.<anonymous> (/home/jeffrey/.nvm/versions/node/v6.9.1/lib/node_modules/npm/lib/utils/lifecycle.js:279:16)
18 verbose stack     at emitTwo (events.js:106:13)
18 verbose stack     at EventEmitter.emit (events.js:191:7)
18 verbose stack     at ChildProcess.<anonymous> (/home/jeffrey/.nvm/versions/node/v6.9.1/lib/node_modules/npm/lib/utils/spawn.js:40:14)
18 verbose stack     at emitTwo (events.js:106:13)
18 verbose stack     at ChildProcess.emit (events.js:191:7)
18 verbose stack     at maybeClose (internal/child_process.js:877:16)
18 verbose stack     at Process.ChildProcess._handle.onexit (internal/child_process.js:226:5)
19 verbose pkgid lergo-ri@0.0.0
20 verbose cwd /home/jeffrey/dev_ops/github_jlevym/lergo/lergo-ri
21 error Linux 4.4.0-145-generic
22 error argv "/home/jeffrey/.nvm/versions/node/v6.9.1/bin/node" "/home/jeffrey/.nvm/versions/node/v6.9.1/bin/npm" "run" "build"
23 error node v6.9.1
24 error npm  v4.1.1
25 error code ELIFECYCLE
26 error lergo-ri@0.0.0 build: `jet steps --ci-build-id=001 build-lergo`
26 error Exit status 1
27 error Failed at the lergo-ri@0.0.0 build script 'jet steps --ci-build-id=001 build-lergo'.
27 error Make sure you have the latest version of node.js and npm installed.
27 error If you do, this is most likely a problem with the lergo-ri package,
27 error not with npm itself.
27 error Tell the author that this fails on your system:
27 error     jet steps --ci-build-id=001 build-lergo
27 error You can get information on how to open an issue for this project with:
27 error     npm bugs lergo-ri
27 error Or if that isn't available, you can get their info via:
27 error     npm owner ls lergo-ri
27 error There is likely additional logging output above.
28 verbose exit [ 1, true ]
